2024-03-10 14:11:08 Starting to extract data from CSV files...
2024-03-10 14:11:08 Extracting file: data/data-source/fashion_products_part2.csv
2024-03-10 14:11:08 Extracting file: data/data-source/fashion_products_part1.csv
2024-03-10 14:11:08 Data extraction done! Total files extracted: 2
2024-03-10 14:11:08 Starting to transform data...
2024-03-10 14:11:08 Data Transformation done !
2024-03-10 14:11:08 Starting to ingest data...
Product with ID 499 already exists. Updating record...
Product with ID 500 already exists. Updating record...
Product with ID 501 already exists. Updating record...
Product with ID 502 already exists. Updating record...
Product with ID 503 already exists. Updating record...
Product with ID 504 already exists. Updating record...
Product with ID 505 already exists. Updating record...
Product with ID 506 already exists. Updating record...
Product with ID 507 already exists. Updating record...
Product with ID 508 already exists. Updating record...
Product with ID 509 already exists. Updating record...
Product with ID 510 already exists. Updating record...
Product with ID 511 already exists. Updating record...
Product with ID 512 already exists. Updating record...
Product with ID 513 already exists. Updating record...
Product with ID 514 already exists. Updating record...
Product with ID 515 already exists. Updating record...
Product with ID 516 already exists. Updating record...
Product with ID 517 already exists. Updating record...
Product with ID 518 already exists. Updating record...
Product with ID 519 already exists. Updating record...
Product with ID 520 already exists. Updating record...
Product with ID 521 already exists. Updating record...
Product with ID 522 already exists. Updating record...
Product with ID 523 already exists. Updating record...
Product with ID 524 already exists. Updating record...
Product with ID 525 already exists. Updating record...
Product with ID 526 already exists. Updating record...
Product with ID 527 already exists. Updating record...
Product with ID 528 already exists. Updating record...
Product with ID 529 already exists. Updating record...
Product with ID 530 already exists. Updating record...
Product with ID 531 already exists. Updating record...
Product with ID 532 already exists. Updating record...
Product with ID 533 already exists. Updating record...
Product with ID 534 already exists. Updating record...
Product with ID 535 already exists. Updating record...
Product with ID 536 already exists. Updating record...
Product with ID 537 already exists. Updating record...
Product with ID 538 already exists. Updating record...
Product with ID 539 already exists. Updating record...
Product with ID 540 already exists. Updating record...
Product with ID 541 already exists. Updating record...
Product with ID 542 already exists. Updating record...
Product with ID 543 already exists. Updating record...
Product with ID 544 already exists. Updating record...
Product with ID 545 already exists. Updating record...
Product with ID 546 already exists. Updating record...
Product with ID 547 already exists. Updating record...
Product with ID 548 already exists. Updating record...
Product with ID 549 already exists. Updating record...
Product with ID 550 already exists. Updating record...
Product with ID 551 already exists. Updating record...
Product with ID 552 already exists. Updating record...
Product with ID 553 already exists. Updating record...
Product with ID 554 already exists. Updating record...
Product with ID 555 already exists. Updating record...
Product with ID 556 already exists. Updating record...
Product with ID 557 already exists. Updating record...
Product with ID 558 already exists. Updating record...
Product with ID 559 already exists. Updating record...
Product with ID 560 already exists. Updating record...
Product with ID 561 already exists. Updating record...
Product with ID 562 already exists. Updating record...
Product with ID 563 already exists. Updating record...
Product with ID 564 already exists. Updating record...
Product with ID 565 already exists. Updating record...
Product with ID 566 already exists. Updating record...
Product with ID 567 already exists. Updating record...
Product with ID 568 already exists. Updating record...
Product with ID 569 already exists. Updating record...
Product with ID 570 already exists. Updating record...
Product with ID 571 already exists. Updating record...
Product with ID 572 already exists. Updating record...
Product with ID 573 already exists. Updating record...
Product with ID 574 already exists. Updating record...
Product with ID 575 already exists. Updating record...
Product with ID 576 already exists. Updating record...
Product with ID 577 already exists. Updating record...
Product with ID 578 already exists. Updating record...
Product with ID 579 already exists. Updating record...
Product with ID 580 already exists. Updating record...
Product with ID 581 already exists. Updating record...
Product with ID 582 already exists. Updating record...
Product with ID 583 already exists. Updating record...
Product with ID 584 already exists. Updating record...
Product with ID 585 already exists. Updating record...
Product with ID 586 already exists. Updating record...
Product with ID 587 already exists. Updating record...
Product with ID 588 already exists. Updating record...
Product with ID 589 already exists. Updating record...
Product with ID 590 already exists. Updating record...
Product with ID 591 already exists. Updating record...
Product with ID 592 already exists. Updating record...
Product with ID 593 already exists. Updating record...
Product with ID 594 already exists. Updating record...
Product with ID 595 already exists. Updating record...
Product with ID 596 already exists. Updating record...
Product with ID 597 already exists. Updating record...
Product with ID 598 already exists. Updating record...
Product with ID 599 already exists. Updating record...
Product with ID 600 already exists. Updating record...
Product with ID 601 already exists. Updating record...
Product with ID 602 already exists. Updating record...
Product with ID 603 already exists. Updating record...
Product with ID 604 already exists. Updating record...
Product with ID 605 already exists. Updating record...
Product with ID 606 already exists. Updating record...
Product with ID 607 already exists. Updating record...
Product with ID 608 already exists. Updating record...
Product with ID 609 already exists. Updating record...
Product with ID 610 already exists. Updating record...
Product with ID 611 already exists. Updating record...
Product with ID 612 already exists. Updating record...
Product with ID 613 already exists. Updating record...
Product with ID 614 already exists. Updating record...
Product with ID 615 already exists. Updating record...
Product with ID 616 already exists. Updating record...
Product with ID 617 already exists. Updating record...
Product with ID 618 already exists. Updating record...
Product with ID 619 already exists. Updating record...
Product with ID 620 already exists. Updating record...
Product with ID 621 already exists. Updating record...
Product with ID 622 already exists. Updating record...
Product with ID 623 already exists. Updating record...
Product with ID 624 already exists. Updating record...
Product with ID 625 already exists. Updating record...
Product with ID 626 already exists. Updating record...
Product with ID 627 already exists. Updating record...
Product with ID 628 already exists. Updating record...
Product with ID 629 already exists. Updating record...
Product with ID 630 already exists. Updating record...
Product with ID 631 already exists. Updating record...
Product with ID 632 already exists. Updating record...
Product with ID 633 already exists. Updating record...
Product with ID 634 already exists. Updating record...
Product with ID 635 already exists. Updating record...
Product with ID 636 already exists. Updating record...
Product with ID 637 already exists. Updating record...
Product with ID 638 already exists. Updating record...
Product with ID 639 already exists. Updating record...
Product with ID 640 already exists. Updating record...
Product with ID 641 already exists. Updating record...
Product with ID 642 already exists. Updating record...
Product with ID 643 already exists. Updating record...
Product with ID 644 already exists. Updating record...
Product with ID 645 already exists. Updating record...
Product with ID 646 already exists. Updating record...
Product with ID 647 already exists. Updating record...
Product with ID 648 already exists. Updating record...
Product with ID 649 already exists. Updating record...
Product with ID 650 already exists. Updating record...
Product with ID 651 already exists. Updating record...
Product with ID 652 already exists. Updating record...
Product with ID 653 already exists. Updating record...
Product with ID 654 already exists. Updating record...
Product with ID 655 already exists. Updating record...
Product with ID 656 already exists. Updating record...
Product with ID 657 already exists. Updating record...
Product with ID 658 already exists. Updating record...
Product with ID 659 already exists. Updating record...
Product with ID 660 already exists. Updating record...
Product with ID 661 already exists. Updating record...
Product with ID 662 already exists. Updating record...
Product with ID 663 already exists. Updating record...
Product with ID 664 already exists. Updating record...
Product with ID 665 already exists. Updating record...
Product with ID 666 already exists. Updating record...
Product with ID 667 already exists. Updating record...
Product with ID 668 already exists. Updating record...
Product with ID 669 already exists. Updating record...
Product with ID 670 already exists. Updating record...
Product with ID 671 already exists. Updating record...
Product with ID 672 already exists. Updating record...
Product with ID 673 already exists. Updating record...
Product with ID 674 already exists. Updating record...
Product with ID 675 already exists. Updating record...
Product with ID 676 already exists. Updating record...
Product with ID 677 already exists. Updating record...
Product with ID 678 already exists. Updating record...
Product with ID 679 already exists. Updating record...
Product with ID 680 already exists. Updating record...
Product with ID 681 already exists. Updating record...
Product with ID 682 already exists. Updating record...
Product with ID 683 already exists. Updating record...
Product with ID 684 already exists. Updating record...
Product with ID 685 already exists. Updating record...
Product with ID 686 already exists. Updating record...
Product with ID 687 already exists. Updating record...
Product with ID 688 already exists. Updating record...
Product with ID 689 already exists. Updating record...
Product with ID 690 already exists. Updating record...
Product with ID 691 already exists. Updating record...
Product with ID 692 already exists. Updating record...
Product with ID 693 already exists. Updating record...
Product with ID 694 already exists. Updating record...
Product with ID 695 already exists. Updating record...
Product with ID 696 already exists. Updating record...
Product with ID 697 already exists. Updating record...
Product with ID 698 already exists. Updating record...
Product with ID 699 already exists. Updating record...
Product with ID 700 already exists. Updating record...
Product with ID 701 already exists. Updating record...
Product with ID 702 already exists. Updating record...
Product with ID 703 already exists. Updating record...
Product with ID 704 already exists. Updating record...
Product with ID 705 already exists. Updating record...
Product with ID 706 already exists. Updating record...
Product with ID 707 already exists. Updating record...
Product with ID 708 already exists. Updating record...
Product with ID 709 already exists. Updating record...
Product with ID 710 already exists. Updating record...
Product with ID 711 already exists. Updating record...
Product with ID 712 already exists. Updating record...
Product with ID 713 already exists. Updating record...
Product with ID 714 already exists. Updating record...
Product with ID 715 already exists. Updating record...
Product with ID 716 already exists. Updating record...
Product with ID 717 already exists. Updating record...
Product with ID 718 already exists. Updating record...
Product with ID 719 already exists. Updating record...
Product with ID 720 already exists. Updating record...
Product with ID 721 already exists. Updating record...
Product with ID 722 already exists. Updating record...
Product with ID 723 already exists. Updating record...
Product with ID 724 already exists. Updating record...
Product with ID 725 already exists. Updating record...
Product with ID 726 already exists. Updating record...
Product with ID 727 already exists. Updating record...
Product with ID 728 already exists. Updating record...
Product with ID 729 already exists. Updating record...
Product with ID 730 already exists. Updating record...
Product with ID 731 already exists. Updating record...
Product with ID 732 already exists. Updating record...
Product with ID 733 already exists. Updating record...
Product with ID 734 already exists. Updating record...
Product with ID 735 already exists. Updating record...
Product with ID 736 already exists. Updating record...
Product with ID 737 already exists. Updating record...
Product with ID 738 already exists. Updating record...
Product with ID 739 already exists. Updating record...
Product with ID 740 already exists. Updating record...
Product with ID 741 already exists. Updating record...
Product with ID 742 already exists. Updating record...
Product with ID 743 already exists. Updating record...
Product with ID 744 already exists. Updating record...
Product with ID 745 already exists. Updating record...
Product with ID 746 already exists. Updating record...
Product with ID 747 already exists. Updating record...
Product with ID 748 already exists. Updating record...
Product with ID 749 already exists. Updating record...
Product with ID 750 already exists. Updating record...
Product with ID 751 already exists. Updating record...
Product with ID 752 already exists. Updating record...
Product with ID 753 already exists. Updating record...
Product with ID 754 already exists. Updating record...
Product with ID 755 already exists. Updating record...
Product with ID 756 already exists. Updating record...
Product with ID 757 already exists. Updating record...
Product with ID 758 already exists. Updating record...
Product with ID 759 already exists. Updating record...
Product with ID 760 already exists. Updating record...
Product with ID 761 already exists. Updating record...
Product with ID 762 already exists. Updating record...
Product with ID 763 already exists. Updating record...
Product with ID 764 already exists. Updating record...
Product with ID 765 already exists. Updating record...
Product with ID 766 already exists. Updating record...
Product with ID 767 already exists. Updating record...
Product with ID 768 already exists. Updating record...
Product with ID 769 already exists. Updating record...
Product with ID 770 already exists. Updating record...
Product with ID 771 already exists. Updating record...
Product with ID 772 already exists. Updating record...
Product with ID 773 already exists. Updating record...
Product with ID 774 already exists. Updating record...
Product with ID 775 already exists. Updating record...
Product with ID 776 already exists. Updating record...
Product with ID 777 already exists. Updating record...
Product with ID 778 already exists. Updating record...
Product with ID 779 already exists. Updating record...
Product with ID 780 already exists. Updating record...
Product with ID 781 already exists. Updating record...
Product with ID 782 already exists. Updating record...
Product with ID 783 already exists. Updating record...
Product with ID 784 already exists. Updating record...
Product with ID 785 already exists. Updating record...
Product with ID 786 already exists. Updating record...
Product with ID 787 already exists. Updating record...
Product with ID 788 already exists. Updating record...
Product with ID 789 already exists. Updating record...
Product with ID 790 already exists. Updating record...
Product with ID 791 already exists. Updating record...
Product with ID 792 already exists. Updating record...
Product with ID 793 already exists. Updating record...
Product with ID 794 already exists. Updating record...
Product with ID 795 already exists. Updating record...
Product with ID 796 already exists. Updating record...
Product with ID 797 already exists. Updating record...
Product with ID 798 already exists. Updating record...
Product with ID 799 already exists. Updating record...
Product with ID 800 already exists. Updating record...
Product with ID 801 already exists. Updating record...
Product with ID 802 already exists. Updating record...
Product with ID 803 already exists. Updating record...
Product with ID 804 already exists. Updating record...
Product with ID 805 already exists. Updating record...
Product with ID 806 already exists. Updating record...
Product with ID 807 already exists. Updating record...
Product with ID 808 already exists. Updating record...
Product with ID 809 already exists. Updating record...
Product with ID 810 already exists. Updating record...
Product with ID 811 already exists. Updating record...
Product with ID 812 already exists. Updating record...
Product with ID 813 already exists. Updating record...
Product with ID 814 already exists. Updating record...
Product with ID 815 already exists. Updating record...
Product with ID 816 already exists. Updating record...
Product with ID 817 already exists. Updating record...
Product with ID 818 already exists. Updating record...
Product with ID 819 already exists. Updating record...
Product with ID 820 already exists. Updating record...
Product with ID 821 already exists. Updating record...
Product with ID 822 already exists. Updating record...
Product with ID 823 already exists. Updating record...
Product with ID 824 already exists. Updating record...
Product with ID 825 already exists. Updating record...
Product with ID 826 already exists. Updating record...
Product with ID 827 already exists. Updating record...
Product with ID 828 already exists. Updating record...
Product with ID 829 already exists. Updating record...
Product with ID 830 already exists. Updating record...
Product with ID 831 already exists. Updating record...
Product with ID 832 already exists. Updating record...
Product with ID 833 already exists. Updating record...
Product with ID 834 already exists. Updating record...
Product with ID 835 already exists. Updating record...
Product with ID 836 already exists. Updating record...
Product with ID 837 already exists. Updating record...
Product with ID 838 already exists. Updating record...
Product with ID 839 already exists. Updating record...
Product with ID 840 already exists. Updating record...
Product with ID 841 already exists. Updating record...
Product with ID 842 already exists. Updating record...
Product with ID 843 already exists. Updating record...
Product with ID 844 already exists. Updating record...
Product with ID 845 already exists. Updating record...
Product with ID 846 already exists. Updating record...
Product with ID 847 already exists. Updating record...
Product with ID 848 already exists. Updating record...
Product with ID 849 already exists. Updating record...
Product with ID 850 already exists. Updating record...
Product with ID 851 already exists. Updating record...
Product with ID 852 already exists. Updating record...
Product with ID 853 already exists. Updating record...
Product with ID 854 already exists. Updating record...
Product with ID 855 already exists. Updating record...
Product with ID 856 already exists. Updating record...
Product with ID 857 already exists. Updating record...
Product with ID 858 already exists. Updating record...
Product with ID 859 already exists. Updating record...
Product with ID 860 already exists. Updating record...
Product with ID 861 already exists. Updating record...
Product with ID 862 already exists. Updating record...
Product with ID 863 already exists. Updating record...
Product with ID 864 already exists. Updating record...
Product with ID 865 already exists. Updating record...
Product with ID 866 already exists. Updating record...
Product with ID 867 already exists. Updating record...
Product with ID 868 already exists. Updating record...
Product with ID 869 already exists. Updating record...
Product with ID 870 already exists. Updating record...
Product with ID 871 already exists. Updating record...
Product with ID 872 already exists. Updating record...
Product with ID 873 already exists. Updating record...
Product with ID 874 already exists. Updating record...
Product with ID 875 already exists. Updating record...
Product with ID 876 already exists. Updating record...
Product with ID 877 already exists. Updating record...
Product with ID 878 already exists. Updating record...
Product with ID 879 already exists. Updating record...
Product with ID 880 already exists. Updating record...
Product with ID 881 already exists. Updating record...
Product with ID 882 already exists. Updating record...
Product with ID 883 already exists. Updating record...
Product with ID 884 already exists. Updating record...
Product with ID 885 already exists. Updating record...
Product with ID 886 already exists. Updating record...
Product with ID 887 already exists. Updating record...
Product with ID 888 already exists. Updating record...
Product with ID 889 already exists. Updating record...
Product with ID 890 already exists. Updating record...
Product with ID 891 already exists. Updating record...
Product with ID 892 already exists. Updating record...
Product with ID 893 already exists. Updating record...
Product with ID 894 already exists. Updating record...
Product with ID 895 already exists. Updating record...
Product with ID 896 already exists. Updating record...
Product with ID 897 already exists. Updating record...
Product with ID 898 already exists. Updating record...
Product with ID 899 already exists. Updating record...
Product with ID 900 already exists. Updating record...
Product with ID 901 already exists. Updating record...
Product with ID 902 already exists. Updating record...
Product with ID 903 already exists. Updating record...
Product with ID 904 already exists. Updating record...
Product with ID 905 already exists. Updating record...
Product with ID 906 already exists. Updating record...
Product with ID 907 already exists. Updating record...
Product with ID 908 already exists. Updating record...
Product with ID 909 already exists. Updating record...
Product with ID 910 already exists. Updating record...
Product with ID 911 already exists. Updating record...
Product with ID 912 already exists. Updating record...
Product with ID 913 already exists. Updating record...
Product with ID 914 already exists. Updating record...
Product with ID 915 already exists. Updating record...
Product with ID 916 already exists. Updating record...
Product with ID 917 already exists. Updating record...
Product with ID 918 already exists. Updating record...
Product with ID 919 already exists. Updating record...
Product with ID 920 already exists. Updating record...
Product with ID 921 already exists. Updating record...
Product with ID 922 already exists. Updating record...
Product with ID 923 already exists. Updating record...
Product with ID 924 already exists. Updating record...
Product with ID 925 already exists. Updating record...
Product with ID 926 already exists. Updating record...
Product with ID 927 already exists. Updating record...
Product with ID 928 already exists. Updating record...
Product with ID 929 already exists. Updating record...
Product with ID 930 already exists. Updating record...
Product with ID 931 already exists. Updating record...
Product with ID 932 already exists. Updating record...
Product with ID 933 already exists. Updating record...
Product with ID 934 already exists. Updating record...
Product with ID 935 already exists. Updating record...
Product with ID 936 already exists. Updating record...
Product with ID 937 already exists. Updating record...
Product with ID 938 already exists. Updating record...
Product with ID 939 already exists. Updating record...
Product with ID 940 already exists. Updating record...
Product with ID 941 already exists. Updating record...
Product with ID 942 already exists. Updating record...
Product with ID 943 already exists. Updating record...
Product with ID 944 already exists. Updating record...
Product with ID 945 already exists. Updating record...
Product with ID 946 already exists. Updating record...
Product with ID 947 already exists. Updating record...
Product with ID 948 already exists. Updating record...
Product with ID 949 already exists. Updating record...
Product with ID 950 already exists. Updating record...
Product with ID 951 already exists. Updating record...
Product with ID 952 already exists. Updating record...
Product with ID 953 already exists. Updating record...
Product with ID 954 already exists. Updating record...
Product with ID 955 already exists. Updating record...
Product with ID 956 already exists. Updating record...
Product with ID 957 already exists. Updating record...
Product with ID 958 already exists. Updating record...
Product with ID 959 already exists. Updating record...
Product with ID 960 already exists. Updating record...
Product with ID 961 already exists. Updating record...
Product with ID 962 already exists. Updating record...
Product with ID 963 already exists. Updating record...
Product with ID 964 already exists. Updating record...
Product with ID 965 already exists. Updating record...
Product with ID 966 already exists. Updating record...
Product with ID 967 already exists. Updating record...
Product with ID 968 already exists. Updating record...
Product with ID 969 already exists. Updating record...
Product with ID 970 already exists. Updating record...
Product with ID 971 already exists. Updating record...
Product with ID 972 already exists. Updating record...
Product with ID 973 already exists. Updating record...
Product with ID 974 already exists. Updating record...
Product with ID 975 already exists. Updating record...
Product with ID 976 already exists. Updating record...
Product with ID 977 already exists. Updating record...
Product with ID 978 already exists. Updating record...
Product with ID 979 already exists. Updating record...
Product with ID 980 already exists. Updating record...
Product with ID 981 already exists. Updating record...
Product with ID 982 already exists. Updating record...
Product with ID 983 already exists. Updating record...
Product with ID 984 already exists. Updating record...
Product with ID 985 already exists. Updating record...
Product with ID 986 already exists. Updating record...
Product with ID 987 already exists. Updating record...
Product with ID 988 already exists. Updating record...
Product with ID 989 already exists. Updating record...
Product with ID 990 already exists. Updating record...
Product with ID 991 already exists. Updating record...
Product with ID 992 already exists. Updating record...
Product with ID 993 already exists. Updating record...
Product with ID 994 already exists. Updating record...
Product with ID 995 already exists. Updating record...
Product with ID 996 already exists. Updating record...
Product with ID 997 already exists. Updating record...
Product with ID 998 already exists. Updating record...
Product with ID 999 already exists. Updating record...
Product with ID 1000 already exists. Updating record...
Product with ID 1 already exists. Updating record...
Product with ID 2 already exists. Updating record...
Product with ID 3 already exists. Updating record...
Product with ID 4 already exists. Updating record...
Product with ID 5 already exists. Updating record...
Product with ID 6 already exists. Updating record...
Product with ID 7 already exists. Updating record...
Product with ID 8 already exists. Updating record...
Product with ID 9 already exists. Updating record...
Product with ID 10 already exists. Updating record...
Product with ID 11 already exists. Updating record...
Product with ID 12 already exists. Updating record...
Product with ID 13 already exists. Updating record...
Product with ID 14 already exists. Updating record...
Product with ID 15 already exists. Updating record...
Product with ID 16 already exists. Updating record...
Product with ID 17 already exists. Updating record...
Product with ID 18 already exists. Updating record...
Product with ID 19 already exists. Updating record...
Product with ID 20 already exists. Updating record...
Product with ID 21 already exists. Updating record...
Product with ID 22 already exists. Updating record...
Product with ID 23 already exists. Updating record...
Product with ID 24 already exists. Updating record...
Product with ID 25 already exists. Updating record...
Product with ID 26 already exists. Updating record...
Product with ID 27 already exists. Updating record...
Product with ID 28 already exists. Updating record...
Product with ID 29 already exists. Updating record...
Product with ID 30 already exists. Updating record...
Product with ID 31 already exists. Updating record...
Product with ID 32 already exists. Updating record...
Product with ID 33 already exists. Updating record...
Product with ID 34 already exists. Updating record...
Product with ID 35 already exists. Updating record...
Product with ID 36 already exists. Updating record...
Product with ID 37 already exists. Updating record...
Product with ID 38 already exists. Updating record...
Product with ID 39 already exists. Updating record...
Product with ID 40 already exists. Updating record...
Product with ID 41 already exists. Updating record...
Product with ID 42 already exists. Updating record...
Product with ID 43 already exists. Updating record...
Product with ID 44 already exists. Updating record...
Product with ID 45 already exists. Updating record...
Product with ID 46 already exists. Updating record...
Product with ID 47 already exists. Updating record...
Product with ID 48 already exists. Updating record...
Product with ID 49 already exists. Updating record...
Product with ID 50 already exists. Updating record...
Product with ID 51 already exists. Updating record...
Product with ID 52 already exists. Updating record...
Product with ID 53 already exists. Updating record...
Product with ID 54 already exists. Updating record...
Product with ID 55 already exists. Updating record...
Product with ID 56 already exists. Updating record...
Product with ID 57 already exists. Updating record...
Product with ID 58 already exists. Updating record...
Product with ID 59 already exists. Updating record...
Product with ID 60 already exists. Updating record...
Product with ID 61 already exists. Updating record...
Product with ID 62 already exists. Updating record...
Product with ID 63 already exists. Updating record...
Product with ID 64 already exists. Updating record...
Product with ID 65 already exists. Updating record...
Product with ID 66 already exists. Updating record...
Product with ID 67 already exists. Updating record...
Product with ID 68 already exists. Updating record...
Product with ID 69 already exists. Updating record...
Product with ID 70 already exists. Updating record...
Product with ID 71 already exists. Updating record...
Product with ID 72 already exists. Updating record...
Product with ID 73 already exists. Updating record...
Product with ID 74 already exists. Updating record...
Product with ID 75 already exists. Updating record...
Product with ID 76 already exists. Updating record...
Product with ID 77 already exists. Updating record...
Product with ID 78 already exists. Updating record...
Product with ID 79 already exists. Updating record...
Product with ID 80 already exists. Updating record...
Product with ID 81 already exists. Updating record...
Product with ID 82 already exists. Updating record...
Product with ID 83 already exists. Updating record...
Product with ID 84 already exists. Updating record...
Product with ID 85 already exists. Updating record...
Product with ID 86 already exists. Updating record...
Product with ID 87 already exists. Updating record...
Product with ID 88 already exists. Updating record...
Product with ID 89 already exists. Updating record...
Product with ID 90 already exists. Updating record...
Product with ID 91 already exists. Updating record...
Product with ID 92 already exists. Updating record...
Product with ID 93 already exists. Updating record...
Product with ID 94 already exists. Updating record...
Product with ID 95 already exists. Updating record...
Product with ID 96 already exists. Updating record...
Product with ID 97 already exists. Updating record...
Product with ID 98 already exists. Updating record...
Product with ID 99 already exists. Updating record...
Product with ID 100 already exists. Updating record...
Product with ID 101 already exists. Updating record...
Product with ID 102 already exists. Updating record...
Product with ID 103 already exists. Updating record...
Product with ID 104 already exists. Updating record...
Product with ID 105 already exists. Updating record...
Product with ID 106 already exists. Updating record...
Product with ID 107 already exists. Updating record...
Product with ID 108 already exists. Updating record...
Product with ID 109 already exists. Updating record...
Product with ID 110 already exists. Updating record...
Product with ID 111 already exists. Updating record...
Product with ID 112 already exists. Updating record...
Product with ID 113 already exists. Updating record...
Product with ID 114 already exists. Updating record...
Product with ID 115 already exists. Updating record...
Product with ID 116 already exists. Updating record...
Product with ID 117 already exists. Updating record...
Product with ID 118 already exists. Updating record...
Product with ID 119 already exists. Updating record...
Product with ID 120 already exists. Updating record...
Product with ID 121 already exists. Updating record...
Product with ID 122 already exists. Updating record...
Product with ID 123 already exists. Updating record...
Product with ID 124 already exists. Updating record...
Product with ID 125 already exists. Updating record...
Product with ID 126 already exists. Updating record...
Product with ID 127 already exists. Updating record...
Product with ID 128 already exists. Updating record...
Product with ID 129 already exists. Updating record...
Product with ID 130 already exists. Updating record...
Product with ID 131 already exists. Updating record...
Product with ID 132 already exists. Updating record...
Product with ID 133 already exists. Updating record...
Product with ID 134 already exists. Updating record...
Product with ID 135 already exists. Updating record...
Product with ID 136 already exists. Updating record...
Product with ID 137 already exists. Updating record...
Product with ID 138 already exists. Updating record...
Product with ID 139 already exists. Updating record...
Product with ID 140 already exists. Updating record...
Product with ID 141 already exists. Updating record...
Product with ID 142 already exists. Updating record...
Product with ID 143 already exists. Updating record...
Product with ID 144 already exists. Updating record...
Product with ID 145 already exists. Updating record...
Product with ID 146 already exists. Updating record...
Product with ID 147 already exists. Updating record...
Product with ID 148 already exists. Updating record...
Product with ID 149 already exists. Updating record...
Product with ID 150 already exists. Updating record...
Product with ID 151 already exists. Updating record...
Product with ID 152 already exists. Updating record...
Product with ID 153 already exists. Updating record...
Product with ID 154 already exists. Updating record...
Product with ID 155 already exists. Updating record...
Product with ID 156 already exists. Updating record...
Product with ID 157 already exists. Updating record...
Product with ID 158 already exists. Updating record...
Product with ID 159 already exists. Updating record...
Product with ID 160 already exists. Updating record...
Product with ID 161 already exists. Updating record...
Product with ID 162 already exists. Updating record...
Product with ID 163 already exists. Updating record...
Product with ID 164 already exists. Updating record...
Product with ID 165 already exists. Updating record...
Product with ID 166 already exists. Updating record...
Product with ID 167 already exists. Updating record...
Product with ID 168 already exists. Updating record...
Product with ID 169 already exists. Updating record...
Product with ID 170 already exists. Updating record...
Product with ID 171 already exists. Updating record...
Product with ID 172 already exists. Updating record...
Product with ID 173 already exists. Updating record...
Product with ID 174 already exists. Updating record...
Product with ID 175 already exists. Updating record...
Product with ID 176 already exists. Updating record...
Product with ID 177 already exists. Updating record...
Product with ID 178 already exists. Updating record...
Product with ID 179 already exists. Updating record...
Product with ID 180 already exists. Updating record...
Product with ID 181 already exists. Updating record...
Product with ID 182 already exists. Updating record...
Product with ID 183 already exists. Updating record...
Product with ID 184 already exists. Updating record...
Product with ID 185 already exists. Updating record...
Product with ID 186 already exists. Updating record...
Product with ID 187 already exists. Updating record...
Product with ID 188 already exists. Updating record...
Product with ID 189 already exists. Updating record...
Product with ID 190 already exists. Updating record...
Product with ID 191 already exists. Updating record...
Product with ID 192 already exists. Updating record...
Product with ID 193 already exists. Updating record...
Product with ID 194 already exists. Updating record...
Product with ID 195 already exists. Updating record...
Product with ID 196 already exists. Updating record...
Product with ID 197 already exists. Updating record...
Product with ID 198 already exists. Updating record...
Product with ID 199 already exists. Updating record...
Product with ID 200 already exists. Updating record...
Product with ID 201 already exists. Updating record...
Product with ID 202 already exists. Updating record...
Product with ID 203 already exists. Updating record...
Product with ID 204 already exists. Updating record...
Product with ID 205 already exists. Updating record...
Product with ID 206 already exists. Updating record...
Product with ID 207 already exists. Updating record...
Product with ID 208 already exists. Updating record...
Product with ID 209 already exists. Updating record...
Product with ID 210 already exists. Updating record...
Product with ID 211 already exists. Updating record...
Product with ID 212 already exists. Updating record...
Product with ID 213 already exists. Updating record...
Product with ID 214 already exists. Updating record...
Product with ID 215 already exists. Updating record...
Product with ID 216 already exists. Updating record...
Product with ID 217 already exists. Updating record...
Product with ID 218 already exists. Updating record...
Product with ID 219 already exists. Updating record...
Product with ID 220 already exists. Updating record...
Product with ID 221 already exists. Updating record...
Product with ID 222 already exists. Updating record...
Product with ID 223 already exists. Updating record...
Product with ID 224 already exists. Updating record...
Product with ID 225 already exists. Updating record...
Product with ID 226 already exists. Updating record...
Product with ID 227 already exists. Updating record...
Product with ID 228 already exists. Updating record...
Product with ID 229 already exists. Updating record...
Product with ID 230 already exists. Updating record...
Product with ID 231 already exists. Updating record...
Product with ID 232 already exists. Updating record...
Product with ID 233 already exists. Updating record...
Product with ID 234 already exists. Updating record...
Product with ID 235 already exists. Updating record...
Product with ID 236 already exists. Updating record...
Product with ID 237 already exists. Updating record...
Product with ID 238 already exists. Updating record...
Product with ID 239 already exists. Updating record...
Product with ID 240 already exists. Updating record...
Product with ID 241 already exists. Updating record...
Product with ID 242 already exists. Updating record...
Product with ID 243 already exists. Updating record...
Product with ID 244 already exists. Updating record...
Product with ID 245 already exists. Updating record...
Product with ID 246 already exists. Updating record...
Product with ID 247 already exists. Updating record...
Product with ID 248 already exists. Updating record...
Product with ID 249 already exists. Updating record...
Product with ID 250 already exists. Updating record...
Product with ID 251 already exists. Updating record...
Product with ID 252 already exists. Updating record...
Product with ID 253 already exists. Updating record...
Product with ID 254 already exists. Updating record...
Product with ID 255 already exists. Updating record...
Product with ID 256 already exists. Updating record...
Product with ID 257 already exists. Updating record...
Product with ID 258 already exists. Updating record...
Product with ID 259 already exists. Updating record...
Product with ID 260 already exists. Updating record...
Product with ID 261 already exists. Updating record...
Product with ID 262 already exists. Updating record...
Product with ID 263 already exists. Updating record...
Product with ID 264 already exists. Updating record...
Product with ID 265 already exists. Updating record...
Product with ID 266 already exists. Updating record...
Product with ID 267 already exists. Updating record...
Product with ID 268 already exists. Updating record...
Product with ID 269 already exists. Updating record...
Product with ID 270 already exists. Updating record...
Product with ID 271 already exists. Updating record...
Product with ID 272 already exists. Updating record...
Product with ID 273 already exists. Updating record...
Product with ID 274 already exists. Updating record...
Product with ID 275 already exists. Updating record...
Product with ID 276 already exists. Updating record...
Product with ID 277 already exists. Updating record...
Product with ID 278 already exists. Updating record...
Product with ID 279 already exists. Updating record...
Product with ID 280 already exists. Updating record...
Product with ID 281 already exists. Updating record...
Product with ID 282 already exists. Updating record...
Product with ID 283 already exists. Updating record...
Product with ID 284 already exists. Updating record...
Product with ID 285 already exists. Updating record...
Product with ID 286 already exists. Updating record...
Product with ID 287 already exists. Updating record...
Product with ID 288 already exists. Updating record...
Product with ID 289 already exists. Updating record...
Product with ID 290 already exists. Updating record...
Product with ID 291 already exists. Updating record...
Product with ID 292 already exists. Updating record...
Product with ID 293 already exists. Updating record...
Product with ID 294 already exists. Updating record...
Product with ID 295 already exists. Updating record...
Product with ID 296 already exists. Updating record...
Product with ID 297 already exists. Updating record...
Product with ID 298 already exists. Updating record...
Product with ID 299 already exists. Updating record...
Product with ID 300 already exists. Updating record...
Product with ID 301 already exists. Updating record...
Product with ID 302 already exists. Updating record...
Product with ID 303 already exists. Updating record...
Product with ID 304 already exists. Updating record...
Product with ID 305 already exists. Updating record...
Product with ID 306 already exists. Updating record...
Product with ID 307 already exists. Updating record...
Product with ID 308 already exists. Updating record...
Product with ID 309 already exists. Updating record...
Product with ID 310 already exists. Updating record...
Product with ID 311 already exists. Updating record...
Product with ID 312 already exists. Updating record...
Product with ID 313 already exists. Updating record...
Product with ID 314 already exists. Updating record...
Product with ID 315 already exists. Updating record...
Product with ID 316 already exists. Updating record...
Product with ID 317 already exists. Updating record...
Product with ID 318 already exists. Updating record...
Product with ID 319 already exists. Updating record...
Product with ID 320 already exists. Updating record...
Product with ID 321 already exists. Updating record...
Product with ID 322 already exists. Updating record...
Product with ID 323 already exists. Updating record...
Product with ID 324 already exists. Updating record...
Product with ID 325 already exists. Updating record...
Product with ID 326 already exists. Updating record...
Product with ID 327 already exists. Updating record...
Product with ID 328 already exists. Updating record...
Product with ID 329 already exists. Updating record...
Product with ID 330 already exists. Updating record...
Product with ID 331 already exists. Updating record...
Product with ID 332 already exists. Updating record...
Product with ID 333 already exists. Updating record...
Product with ID 334 already exists. Updating record...
Product with ID 335 already exists. Updating record...
Product with ID 336 already exists. Updating record...
Product with ID 337 already exists. Updating record...
Product with ID 338 already exists. Updating record...
Product with ID 339 already exists. Updating record...
Product with ID 340 already exists. Updating record...
Product with ID 341 already exists. Updating record...
Product with ID 342 already exists. Updating record...
Product with ID 343 already exists. Updating record...
Product with ID 344 already exists. Updating record...
Product with ID 345 already exists. Updating record...
Product with ID 346 already exists. Updating record...
Product with ID 347 already exists. Updating record...
Product with ID 348 already exists. Updating record...
Product with ID 349 already exists. Updating record...
Product with ID 350 already exists. Updating record...
Product with ID 351 already exists. Updating record...
Product with ID 352 already exists. Updating record...
Product with ID 353 already exists. Updating record...
Product with ID 354 already exists. Updating record...
Product with ID 355 already exists. Updating record...
Product with ID 356 already exists. Updating record...
Product with ID 357 already exists. Updating record...
Product with ID 358 already exists. Updating record...
Product with ID 359 already exists. Updating record...
Product with ID 360 already exists. Updating record...
Product with ID 361 already exists. Updating record...
Product with ID 362 already exists. Updating record...
Product with ID 363 already exists. Updating record...
Product with ID 364 already exists. Updating record...
Product with ID 365 already exists. Updating record...
Product with ID 366 already exists. Updating record...
Product with ID 367 already exists. Updating record...
Product with ID 368 already exists. Updating record...
Product with ID 369 already exists. Updating record...
Product with ID 370 already exists. Updating record...
Product with ID 371 already exists. Updating record...
Product with ID 372 already exists. Updating record...
Product with ID 373 already exists. Updating record...
Product with ID 374 already exists. Updating record...
Product with ID 375 already exists. Updating record...
Product with ID 376 already exists. Updating record...
Product with ID 377 already exists. Updating record...
Product with ID 378 already exists. Updating record...
Product with ID 379 already exists. Updating record...
Product with ID 380 already exists. Updating record...
Product with ID 381 already exists. Updating record...
Product with ID 382 already exists. Updating record...
Product with ID 383 already exists. Updating record...
Product with ID 384 already exists. Updating record...
Product with ID 385 already exists. Updating record...
Product with ID 386 already exists. Updating record...
Product with ID 387 already exists. Updating record...
Product with ID 388 already exists. Updating record...
Product with ID 389 already exists. Updating record...
Product with ID 390 already exists. Updating record...
Product with ID 391 already exists. Updating record...
Product with ID 392 already exists. Updating record...
Product with ID 393 already exists. Updating record...
Product with ID 394 already exists. Updating record...
Product with ID 395 already exists. Updating record...
Product with ID 396 already exists. Updating record...
Product with ID 397 already exists. Updating record...
Product with ID 398 already exists. Updating record...
Product with ID 399 already exists. Updating record...
Product with ID 400 already exists. Updating record...
Product with ID 401 already exists. Updating record...
Product with ID 402 already exists. Updating record...
Product with ID 403 already exists. Updating record...
Product with ID 404 already exists. Updating record...
Product with ID 405 already exists. Updating record...
Product with ID 406 already exists. Updating record...
Product with ID 407 already exists. Updating record...
Product with ID 408 already exists. Updating record...
Product with ID 409 already exists. Updating record...
Product with ID 410 already exists. Updating record...
Product with ID 411 already exists. Updating record...
Product with ID 412 already exists. Updating record...
Product with ID 413 already exists. Updating record...
Product with ID 414 already exists. Updating record...
Product with ID 415 already exists. Updating record...
Product with ID 416 already exists. Updating record...
Product with ID 417 already exists. Updating record...
Product with ID 418 already exists. Updating record...
Product with ID 419 already exists. Updating record...
Product with ID 420 already exists. Updating record...
Product with ID 421 already exists. Updating record...
Product with ID 422 already exists. Updating record...
Product with ID 423 already exists. Updating record...
Product with ID 424 already exists. Updating record...
Product with ID 425 already exists. Updating record...
Product with ID 426 already exists. Updating record...
Product with ID 427 already exists. Updating record...
Product with ID 428 already exists. Updating record...
Product with ID 429 already exists. Updating record...
Product with ID 430 already exists. Updating record...
Product with ID 431 already exists. Updating record...
Product with ID 432 already exists. Updating record...
Product with ID 433 already exists. Updating record...
Product with ID 434 already exists. Updating record...
Product with ID 435 already exists. Updating record...
Product with ID 436 already exists. Updating record...
Product with ID 437 already exists. Updating record...
Product with ID 438 already exists. Updating record...
Product with ID 439 already exists. Updating record...
Product with ID 440 already exists. Updating record...
Product with ID 441 already exists. Updating record...
Product with ID 442 already exists. Updating record...
Product with ID 443 already exists. Updating record...
Product with ID 444 already exists. Updating record...
Product with ID 445 already exists. Updating record...
Product with ID 446 already exists. Updating record...
Product with ID 447 already exists. Updating record...
Product with ID 448 already exists. Updating record...
Product with ID 449 already exists. Updating record...
Product with ID 450 already exists. Updating record...
Product with ID 451 already exists. Updating record...
Product with ID 452 already exists. Updating record...
Product with ID 453 already exists. Updating record...
Product with ID 454 already exists. Updating record...
Product with ID 455 already exists. Updating record...
Product with ID 456 already exists. Updating record...
Product with ID 457 already exists. Updating record...
Product with ID 458 already exists. Updating record...
Product with ID 459 already exists. Updating record...
Product with ID 460 already exists. Updating record...
Product with ID 461 already exists. Updating record...
Product with ID 462 already exists. Updating record...
Product with ID 463 already exists. Updating record...
Product with ID 464 already exists. Updating record...
Product with ID 465 already exists. Updating record...
Product with ID 466 already exists. Updating record...
Product with ID 467 already exists. Updating record...
Product with ID 468 already exists. Updating record...
Product with ID 469 already exists. Updating record...
Product with ID 470 already exists. Updating record...
Product with ID 471 already exists. Updating record...
Product with ID 472 already exists. Updating record...
Product with ID 473 already exists. Updating record...
Product with ID 474 already exists. Updating record...
Product with ID 475 already exists. Updating record...
Product with ID 476 already exists. Updating record...
Product with ID 477 already exists. Updating record...
Product with ID 478 already exists. Updating record...
Product with ID 479 already exists. Updating record...
Product with ID 480 already exists. Updating record...
Product with ID 481 already exists. Updating record...
Product with ID 482 already exists. Updating record...
Product with ID 483 already exists. Updating record...
Product with ID 484 already exists. Updating record...
Product with ID 485 already exists. Updating record...
Product with ID 486 already exists. Updating record...
Product with ID 487 already exists. Updating record...
Product with ID 488 already exists. Updating record...
Product with ID 489 already exists. Updating record...
Product with ID 490 already exists. Updating record...
Product with ID 491 already exists. Updating record...
Product with ID 492 already exists. Updating record...
Product with ID 493 already exists. Updating record...
Product with ID 494 already exists. Updating record...
Product with ID 495 already exists. Updating record...
Product with ID 496 already exists. Updating record...
Product with ID 497 already exists. Updating record...
Product with ID 498 already exists. Updating record...
Product with ID 499 already exists. Updating record...
2024-03-10 14:11:08 Data ingested successfully!
